<?xml version="1.0" encoding="UTF-8"?>
<!-- Generated by org.testng.reporters.JUnitReportReporter -->
<testsuite hostname="R-LAPTOP" failures="0" tests="1" name="Demo.PLT_Automation_Task.testsuite.CheckOutPageTest" time="78.877" errors="0" timestamp="2024-05-26T18:13:29 BST" skipped="0">
  <testcase classname="Demo.PLT_Automation_Task.testsuite.CheckOutPageTest" name="verifyUserSuccessfullyAbleToCheckOut" time="78.877"/>
</testsuite> <!-- Demo.PLT_Automation_Task.testsuite.CheckOutPageTest -->
